sender_n,sender_e,receiver_n,receiver_e,digital_signature
39203,17,39203,13,32284
